[2015-06-10 12:17:17] production.ERROR: exception 'ErrorException' with message 'Trying to get property of non-object' in C:\xampp\htdocs\mariasanti\app\storage\views\0dcd7b337b8f9800ca9af25477ad072c:11
Stack trace:
#0 C:\xampp\htdocs\mariasanti\app\storage\views\0dcd7b337b8f9800ca9af25477ad072c(11): Illuminate\Exception\Handler->handleError(8, 'Trying to get p...', 'C:\\xampp\\htdocs...', 11, Array)
#1 C:\xampp\htdocs\mariasanti\bootstrap\compiled.php(9868): include('C:\\xampp\\htdocs...')
#2 C:\xampp\htdocs\mariasanti\vendor\laravel\framework\src\Illuminate\View\Engines\CompilerEngine.php(56): Illuminate\View\Engines\PhpEngine->evaluatePath('C:\\xampp\\htdocs...', Array)
#3 C:\xampp\htdocs\mariasanti\bootstrap\compiled.php(9746): Illuminate\View\Engines\CompilerEngine->get('C:\\xampp\\htdocs...', Array)
#4 C:\xampp\htdocs\mariasanti\bootstrap\compiled.php(9733): Illuminate\View\View->getContents()
#5 C:\xampp\htdocs\mariasanti\bootstrap\compiled.php(9724): Illuminate\View\View->renderContents()
#6 C:\xampp\htdocs\mariasanti\bootstrap\compiled.php(10426): Illuminate\View\View->render()
#7 C:\xampp\htdocs\mariasanti\bootstrap\compiled.php(9956): Illuminate\Http\Response->setContent(Object(Illuminate\View\View))
#8 C:\xampp\htdocs\mariasanti\bootstrap\compiled.php(5246): Symfony\Component\HttpFoundation\Response->__construct(Object(Illuminate\View\View))
#9 C:\xampp\htdocs\mariasanti\bootstrap\compiled.php(5055): Illuminate\Routing\Router->prepareResponse(Object(Illuminate\Http\Request), Object(Illuminate\View\View))
#10 C:\xampp\htdocs\mariasanti\bootstrap\compiled.php(5041): Illuminate\Routing\Router->dispatchToRoute(Object(Illuminate\Http\Request))
#11 C:\xampp\htdocs\mariasanti\bootstrap\compiled.php(715): Illuminate\Routing\Router->dispatch(Object(Illuminate\Http\Request))
#12 C:\xampp\htdocs\mariasanti\bootstrap\compiled.php(696): Illuminate\Foundation\Application->dispatch(Object(Illuminate\Http\Request))
#13 C:\xampp\htdocs\mariasanti\bootstrap\compiled.php(7813): Illuminate\Foundation\Application->handle(Object(Illuminate\Http\Request), 1, true)
#14 C:\xampp\htdocs\mariasanti\bootstrap\compiled.php(8420): Illuminate\Session\Middleware->handle(Object(Illuminate\Http\Request), 1, true)
#15 C:\xampp\htdocs\mariasanti\bootstrap\compiled.php(8367): Illuminate\Cookie\Queue->handle(Object(Illuminate\Http\Request), 1, true)
#16 C:\xampp\htdocs\mariasanti\bootstrap\compiled.php(11030): Illuminate\Cookie\Guard->handle(Object(Illuminate\Http\Request), 1, true)
#17 C:\xampp\htdocs\mariasanti\bootstrap\compiled.php(657): Stack\StackedHttpKernel->handle(Object(Illuminate\Http\Request))
#18 C:\xampp\htdocs\mariasanti\public\index.php(49): Illuminate\Foundation\Application->run()
#19 {main}

Next exception 'ErrorException' with message 'Trying to get property of non-object (View: C:\xampp\htdocs\mariasanti\app\views\portfolio_completo\tc-ver.blade.php)' in C:\xampp\htdocs\mariasanti\app\storage\views\0dcd7b337b8f9800ca9af25477ad072c:11
Stack trace:
#0 C:\xampp\htdocs\mariasanti\bootstrap\compiled.php(9870): Illuminate\View\Engines\CompilerEngine->handleViewException(Object(ErrorException), 1)
#1 C:\xampp\htdocs\mariasanti\vendor\laravel\framework\src\Illuminate\View\Engines\CompilerEngine.php(56): Illuminate\View\Engines\PhpEngine->evaluatePath('C:\\xampp\\htdocs...', Array)
#2 C:\xampp\htdocs\mariasanti\bootstrap\compiled.php(9746): Illuminate\View\Engines\CompilerEngine->get('C:\\xampp\\htdocs...', Array)
#3 C:\xampp\htdocs\mariasanti\bootstrap\compiled.php(9733): Illuminate\View\View->getContents()
#4 C:\xampp\htdocs\mariasanti\bootstrap\compiled.php(9724): Illuminate\View\View->renderContents()
#5 C:\xampp\htdocs\mariasanti\bootstrap\compiled.php(10426): Illuminate\View\View->render()
#6 C:\xampp\htdocs\mariasanti\bootstrap\compiled.php(9956): Illuminate\Http\Response->setContent(Object(Illuminate\View\View))
#7 C:\xampp\htdocs\mariasanti\bootstrap\compiled.php(5246): Symfony\Component\HttpFoundation\Response->__construct(Object(Illuminate\View\View))
#8 C:\xampp\htdocs\mariasanti\bootstrap\compiled.php(5055): Illuminate\Routing\Router->prepareResponse(Object(Illuminate\Http\Request), Object(Illuminate\View\View))
#9 C:\xampp\htdocs\mariasanti\bootstrap\compiled.php(5041): Illuminate\Routing\Router->dispatchToRoute(Object(Illuminate\Http\Request))
#10 C:\xampp\htdocs\mariasanti\bootstrap\compiled.php(715): Illuminate\Routing\Router->dispatch(Object(Illuminate\Http\Request))
#11 C:\xampp\htdocs\mariasanti\bootstrap\compiled.php(696): Illuminate\Foundation\Application->dispatch(Object(Illuminate\Http\Request))
#12 C:\xampp\htdocs\mariasanti\bootstrap\compiled.php(7813): Illuminate\Foundation\Application->handle(Object(Illuminate\Http\Request), 1, true)
#13 C:\xampp\htdocs\mariasanti\bootstrap\compiled.php(8420): Illuminate\Session\Middleware->handle(Object(Illuminate\Http\Request), 1, true)
#14 C:\xampp\htdocs\mariasanti\bootstrap\compiled.php(8367): Illuminate\Cookie\Queue->handle(Object(Illuminate\Http\Request), 1, true)
#15 C:\xampp\htdocs\mariasanti\bootstrap\compiled.php(11030): Illuminate\Cookie\Guard->handle(Object(Illuminate\Http\Request), 1, true)
#16 C:\xampp\htdocs\mariasanti\bootstrap\compiled.php(657): Stack\StackedHttpKernel->handle(Object(Illuminate\Http\Request))
#17 C:\xampp\htdocs\mariasanti\public\index.php(49): Illuminate\Foundation\Application->run()
#18 {main} [] []
